Added Component: Designator=C1(FP-1206-L_3_2_0_2-W_1_6_0-IPC_B)
Added Component: Designator=C2(FP-1206-L_3_2_0_2-W_1_6_0-IPC_B)
Added Component: Designator=C3(CAP_SMD_6.3x7.7mm)
Added Component: Designator=C4(FP-1206-L_3_2_0_2-W_1_6_0-IPC_B)
Added Component: Designator=C5(FP-1206-L_3_2_0_2-W_1_6_0-IPC_B)
Added Component: Designator=C6(FP-1206-L_3_2_0_2-W_1_6_0-IPC_B)
Added Component: Designator=C7(FP-1206-L_3_2_0_2-W_1_6_0-IPC_B)
Added Component: Designator=C8(FP-1206-L_3_2_0_2-W_1_6_0-IPC_B)
Added Component: Designator=C9(FP-1206-L_3_2_0_2-W_1_6_0-IPC_B)
Added Component: Designator=C10(CAP_SMD_6.3x7.7mm)
Added Component: Designator=C11(FP-1206-L_3_2_0_2-W_1_6_0-IPC_B)
Added Component: Designator=C12(FP-1206-L_3_2_0_2-W_1_6_0-IPC_B)
Added Component: Designator=C13(FP-1206-L_3_2_0_2-W_1_6_0-IPC_B)
Added Component: Designator=C14(FP-1206-L_3_2_0_2-W_1_6_0-IPC_B)
Added Component: Designator=C15(FP-1206-L_3_2_0_2-W_1_6_0-IPC_B)
Added Component: Designator=C16(FP-1206-L_3_2_0_2-W_1_6_0-IPC_B)
Added Component: Designator=C17(FP-1206-L_3_2_0_2-W_1_6_0-IPC_B)
Added Component: Designator=D1(SOD80C)
Added Component: Designator=D2(LED_3mm)
Added Component: Designator=D3(LED_3mm)
Added Component: Designator=D4(LED_3mm)
Added Component: Designator=J1(USB-B)
Added Component: Designator=J3(PIN_HEADER_1L_4P)
Added Component: Designator=J5(PIN_HEADER_1L_2P)
Added Component: Designator=J6(PIN_HEADER_1L_3P)
Added Component: Designator=L1(INDC2012X105N)
Added Component: Designator=L2(INDC2012X105N)
Added Component: Designator=MH1(MOUNTING_HOLE_GROUNDED)
Added Component: Designator=MH2(MOUNTING_HOLE_GROUNDED)
Added Component: Designator=MH3(MOUNTING_HOLE_GROUNDED)
Added Component: Designator=MH4(MOUNTING_HOLE_GROUNDED)
Added Component: Designator=Q1(XTAL_SMD)
Added Component: Designator=Q2(SOT23)
Added Component: Designator=Q3(SOT23)
Added Component: Designator=Q4(SOT23)
Added Component: Designator=Q5(SOT23)
Added Component: Designator=Q6(SOT23)
Added Component: Designator=R1(FP-CRCW1206-e3-IPC_B)
Add component (AddParameter): Name = "Resistance"; Value = "0"; VariantName = "[No Variations]"
Added Component: Designator=R2(FP-CRCW1206-e3-IPC_B)
Add component (AddParameter): Name = "Resistance"; Value = "330"; VariantName = "[No Variations]"
Added Component: Designator=R3(FP-CRCW1206-e3-IPC_B)
Add component (AddParameter): Name = "Resistance"; Value = "5k1"; VariantName = "[No Variations]"
Added Component: Designator=R4(FP-CRCW1206-e3-IPC_B)
Add component (AddParameter): Name = "Resistance"; Value = "5k1"; VariantName = "[No Variations]"
Added Component: Designator=R5(FP-CRCW1206-e3-IPC_B)
Add component (AddParameter): Name = "Resistance"; Value = "330"; VariantName = "[No Variations]"
Added Component: Designator=R6(FP-CRCW1206-e3-IPC_B)
Add component (AddParameter): Name = "Resistance"; Value = "330"; VariantName = "[No Variations]"
Added Component: Designator=R7(FP-CRCW1206-e3-IPC_B)
Add component (AddParameter): Name = "Resistance"; Value = "0"; VariantName = "[No Variations]"
Added Component: Designator=R8(FP-CRCW1206-e3-IPC_B)
Add component (AddParameter): Name = "Resistance"; Value = "0"; VariantName = "[No Variations]"
Added Component: Designator=R9(FP-CRCW1206-e3-IPC_B)
Add component (AddParameter): Name = "Resistance"; Value = "0"; VariantName = "[No Variations]"
Added Component: Designator=R10(FP-CRCW1206-e3-IPC_B)
Add component (AddParameter): Name = "Resistance"; Value = "0"; VariantName = "[No Variations]"
Added Component: Designator=R11(FP-CRCW1206-e3-IPC_B)
Add component (AddParameter): Name = "Resistance"; Value = "10k"; VariantName = "[No Variations]"
Added Component: Designator=R12(FP-CRCW1206-e3-IPC_B)
Add component (AddParameter): Name = "Resistance"; Value = "0"; VariantName = "[No Variations]"
Added Component: Designator=R13(FP-CRCW1206-e3-IPC_B)
Add component (AddParameter): Name = "Resistance"; Value = "330"; VariantName = "[No Variations]"
Added Component: Designator=R14(FP-CRCW1206-e3-IPC_B)
Add component (AddParameter): Name = "Resistance"; Value = "330"; VariantName = "[No Variations]"
Added Component: Designator=R15(FP-CRCW1206-e3-IPC_B)
Add component (AddParameter): Name = "Resistance"; Value = "330"; VariantName = "[No Variations]"
Added Component: Designator=R16(FP-CRCW1206-e3-IPC_B)
Add component (AddParameter): Name = "Resistance"; Value = "330"; VariantName = "[No Variations]"
Added Component: Designator=R17(FP-CRCW1206-e3-IPC_B)
Add component (AddParameter): Name = "Resistance"; Value = "10k"; VariantName = "[No Variations]"
Added Component: Designator=R18(FP-CRCW1206-e3-IPC_B)
Add component (AddParameter): Name = "Resistance"; Value = "10k"; VariantName = "[No Variations]"
Added Component: Designator=R19(FP-CRCW1206-e3-IPC_B)
Add component (AddParameter): Name = "Resistance"; Value = "10k"; VariantName = "[No Variations]"
Added Component: Designator=R20(FP-CRCW1206-e3-IPC_B)
Add component (AddParameter): Name = "Resistance"; Value = "10k"; VariantName = "[No Variations]"
Added Component: Designator=RLY1(OMRON-G5V-1)
Added Component: Designator=U1(SOT230P700X180-4N)
Added Component: Designator=U2(SOIC16)
Added Component: Designator=U3(DIP16)
Added Component: Designator=U4(SOT95P280X145-5N)
Added Component: Designator=U5(SOT95P280X145-5N)
Added Component: Designator=U6(SOT95P280X145-5N)
Added Component: Designator=U7(SOT95P280X145-5N)
Added Pin To Net: NetName=+5VIS Pin=C3-2
Added Pin To Net: NetName=+5VIS Pin=C4-1
Added Pin To Net: NetName=+5VIS Pin=C9-1
Added Pin To Net: NetName=+5VIS Pin=C15-1
Added Pin To Net: NetName=+5VIS Pin=R3-2
Added Pin To Net: NetName=+5VIS Pin=R5-1
Added Pin To Net: NetName=+5VIS Pin=U1-1
Added Pin To Net: NetName=+5VIS Pin=U5-5
Added Pin To Net: NetName=+5VIS Pin=U7-5
Added Net: Name=+5VIS
Added Pin To Net: NetName=+5V Pin=C1-1
Added Pin To Net: NetName=+5V Pin=C7-1
Added Pin To Net: NetName=+5V Pin=C8-1
Added Pin To Net: NetName=+5V Pin=C10-2
Added Pin To Net: NetName=+5V Pin=C11-1
Added Pin To Net: NetName=+5V Pin=C14-1
Added Pin To Net: NetName=+5V Pin=C16-1
Added Pin To Net: NetName=+5V Pin=C17-1
Added Pin To Net: NetName=+5V Pin=D1-2
Added Pin To Net: NetName=+5V Pin=L2-2
Added Pin To Net: NetName=+5V Pin=R2-2
Added Pin To Net: NetName=+5V Pin=R4-2
Added Pin To Net: NetName=+5V Pin=R6-2
Added Pin To Net: NetName=+5V Pin=R13-2
Added Pin To Net: NetName=+5V Pin=R14-2
Added Pin To Net: NetName=+5V Pin=R15-2
Added Pin To Net: NetName=+5V Pin=R16-2
Added Pin To Net: NetName=+5V Pin=RLY1-1
Added Pin To Net: NetName=+5V Pin=U2-16
Added Pin To Net: NetName=+5V Pin=U4-5
Added Pin To Net: NetName=+5V Pin=U6-5
Added Net: Name=+5V
Added Pin To Net: NetName=CTS Pin=U2-9
Added Net: Name=CTS
Added Pin To Net: NetName=DCD Pin=U2-12
Added Net: Name=DCD
Added Pin To Net: NetName=DSR Pin=U2-10
Added Net: Name=DSR
Added Pin To Net: NetName=DTR Pin=R12-1
Added Pin To Net: NetName=DTR Pin=U2-13
Added Net: Name=DTR
Added Pin To Net: NetName=GNDIS Pin=C3-1
Added Pin To Net: NetName=GNDIS Pin=C4-2
Added Pin To Net: NetName=GNDIS Pin=C5-2
Added Pin To Net: NetName=GNDIS Pin=C6-2
Added Pin To Net: NetName=GNDIS Pin=C8-2
Added Pin To Net: NetName=GNDIS Pin=C9-2
Added Pin To Net: NetName=GNDIS Pin=C14-2
Added Pin To Net: NetName=GNDIS Pin=C15-2
Added Pin To Net: NetName=GNDIS Pin=J3-4
Added Pin To Net: NetName=GNDIS Pin=U1-2
Added Pin To Net: NetName=GNDIS Pin=U3-4
Added Pin To Net: NetName=GNDIS Pin=U3-15
Added Pin To Net: NetName=GNDIS Pin=U5-3
Added Pin To Net: NetName=GNDIS Pin=U7-3
Added Net: Name=GNDIS
Added Pin To Net: NetName=GND Pin=C1-2
Added Pin To Net: NetName=GND Pin=C2-1
Added Pin To Net: NetName=GND Pin=C7-2
Added Pin To Net: NetName=GND Pin=C10-1
Added Pin To Net: NetName=GND Pin=C11-2
Added Pin To Net: NetName=GND Pin=C12-1
Added Pin To Net: NetName=GND Pin=C13-1
Added Pin To Net: NetName=GND Pin=C16-2
Added Pin To Net: NetName=GND Pin=C17-2
Added Pin To Net: NetName=GND Pin=J1-4
Added Pin To Net: NetName=GND Pin=MH1-1
Added Pin To Net: NetName=GND Pin=MH2-1
Added Pin To Net: NetName=GND Pin=MH3-1
Added Pin To Net: NetName=GND Pin=MH4-1
Added Pin To Net: NetName=GND Pin=Q2-3
Added Pin To Net: NetName=GND Pin=Q3-3
Added Pin To Net: NetName=GND Pin=Q4-3
Added Pin To Net: NetName=GND Pin=Q5-3
Added Pin To Net: NetName=GND Pin=Q6-3
Added Pin To Net: NetName=GND Pin=R1-2
Added Pin To Net: NetName=GND Pin=R9-1
Added Pin To Net: NetName=GND Pin=R11-1
Added Pin To Net: NetName=GND Pin=R17-1
Added Pin To Net: NetName=GND Pin=R18-1
Added Pin To Net: NetName=GND Pin=R19-1
Added Pin To Net: NetName=GND Pin=R20-1
Added Pin To Net: NetName=GND Pin=U2-1
Added Pin To Net: NetName=GND Pin=U3-2
Added Pin To Net: NetName=GND Pin=U3-9
Added Pin To Net: NetName=GND Pin=U3-13
Added Pin To Net: NetName=GND Pin=U4-3
Added Pin To Net: NetName=GND Pin=U6-3
Added Net: Name=GND
Added Pin To Net: NetName=NetC2_2 Pin=C2-2
Added Pin To Net: NetName=NetC2_2 Pin=U2-4
Added Net: Name=NetC2_2
Added Pin To Net: NetName=NetC5_1 Pin=C5-1
Added Pin To Net: NetName=NetC5_1 Pin=C6-1
Added Pin To Net: NetName=NetC5_1 Pin=L1-1
Added Net: Name=NetC5_1
Added Pin To Net: NetName=NetC12_2 Pin=C12-2
Added Pin To Net: NetName=NetC12_2 Pin=Q1-1
Added Pin To Net: NetName=NetC12_2 Pin=U2-8
Added Net: Name=NetC12_2
Added Pin To Net: NetName=NetC13_2 Pin=C13-2
Added Pin To Net: NetName=NetC13_2 Pin=Q1-2
Added Pin To Net: NetName=NetC13_2 Pin=U2-7
Added Net: Name=NetC13_2
Added Pin To Net: NetName=NetD1_1 Pin=D1-1
Added Pin To Net: NetName=NetD1_1 Pin=RLY1-2
Added Pin To Net: NetName=NetD1_1 Pin=U3-10
Added Net: Name=NetD1_1
Added Pin To Net: NetName=NetD2_1 Pin=D2-1
Added Pin To Net: NetName=NetD2_1 Pin=R14-1
Added Net: Name=NetD2_1
Added Pin To Net: NetName=NetD2_2 Pin=D2-2
Added Pin To Net: NetName=NetD2_2 Pin=Q4-2
Added Net: Name=NetD2_2
Added Pin To Net: NetName=NetD3_1 Pin=D3-1
Added Pin To Net: NetName=NetD3_1 Pin=R15-1
Added Net: Name=NetD3_1
Added Pin To Net: NetName=NetD3_2 Pin=D3-2
Added Pin To Net: NetName=NetD3_2 Pin=Q5-2
Added Net: Name=NetD3_2
Added Pin To Net: NetName=NetD4_1 Pin=D4-1
Added Pin To Net: NetName=NetD4_1 Pin=R16-1
Added Net: Name=NetD4_1
Added Pin To Net: NetName=NetD4_2 Pin=D4-2
Added Pin To Net: NetName=NetD4_2 Pin=Q6-2
Added Net: Name=NetD4_2
Added Pin To Net: NetName=NetJ1_1 Pin=J1-1
Added Pin To Net: NetName=NetJ1_1 Pin=L2-1
Added Net: Name=NetJ1_1
Added Pin To Net: NetName=NetJ1_2 Pin=J1-2
Added Pin To Net: NetName=NetJ1_2 Pin=U2-6
Added Net: Name=NetJ1_2
Added Pin To Net: NetName=NetJ1_3 Pin=J1-3
Added Pin To Net: NetName=NetJ1_3 Pin=U2-5
Added Net: Name=NetJ1_3
Added Pin To Net: NetName=NetJ1_S1 Pin=J1-S1
Added Pin To Net: NetName=NetJ1_S1 Pin=J1-S2
Added Pin To Net: NetName=NetJ1_S1 Pin=R1-1
Added Net: Name=NetJ1_S1
Added Pin To Net: NetName=NetJ3_1 Pin=J3-1
Added Pin To Net: NetName=NetJ3_1 Pin=L1-2
Added Net: Name=NetJ3_1
Added Pin To Net: NetName=NetJ3_2 Pin=J3-2
Added Pin To Net: NetName=NetJ3_2 Pin=U5-4
Added Net: Name=NetJ3_2
Added Pin To Net: NetName=NetJ3_3 Pin=J3-3
Added Pin To Net: NetName=NetJ3_3 Pin=U7-2
Added Net: Name=NetJ3_3
Added Pin To Net: NetName=NetJ5_1 Pin=J5-1
Added Pin To Net: NetName=NetJ5_1 Pin=U3-12
Added Net: Name=NetJ5_1
Added Pin To Net: NetName=NetJ5_2 Pin=J5-2
Added Pin To Net: NetName=NetJ5_2 Pin=U3-11
Added Net: Name=NetJ5_2
Added Pin To Net: NetName=NetJ6_1 Pin=J6-1
Added Pin To Net: NetName=NetJ6_1 Pin=RLY1-4
Added Net: Name=NetJ6_1
Added Pin To Net: NetName=NetJ6_2 Pin=J6-2
Added Pin To Net: NetName=NetJ6_2 Pin=RLY1-3
Added Pin To Net: NetName=NetJ6_2 Pin=RLY1-3
Added Net: Name=NetJ6_2
Added Pin To Net: NetName=NetJ6_3 Pin=J6-3
Added Pin To Net: NetName=NetJ6_3 Pin=RLY1-5
Added Net: Name=NetJ6_3
Added Pin To Net: NetName=NetQ2_2 Pin=Q2-2
Added Pin To Net: NetName=NetQ2_2 Pin=R7-1
Added Pin To Net: NetName=NetQ2_2 Pin=R8-1
Added Net: Name=NetQ2_2
Added Pin To Net: NetName=NetQ3_2 Pin=Q3-2
Added Pin To Net: NetName=NetQ3_2 Pin=U3-8
Added Net: Name=NetQ3_2
Added Pin To Net: NetName=NetR2_1 Pin=R2-1
Added Pin To Net: NetName=NetR2_1 Pin=U3-1
Added Pin To Net: NetName=NetR2_1 Pin=U4-4
Added Net: Name=NetR2_1
Added Pin To Net: NetName=NetR3_1 Pin=R3-1
Added Pin To Net: NetName=NetR3_1 Pin=U3-16
Added Pin To Net: NetName=NetR3_1 Pin=U5-2
Added Net: Name=NetR3_1
Added Pin To Net: NetName=NetR4_1 Pin=R4-1
Added Pin To Net: NetName=NetR4_1 Pin=U3-14
Added Pin To Net: NetName=NetR4_1 Pin=U6-2
Added Net: Name=NetR4_1
Added Pin To Net: NetName=NetR5_2 Pin=R5-2
Added Pin To Net: NetName=NetR5_2 Pin=U3-3
Added Pin To Net: NetName=NetR5_2 Pin=U7-4
Added Net: Name=NetR5_2
Added Pin To Net: NetName=NetR6_1 Pin=R6-1
Added Pin To Net: NetName=NetR6_1 Pin=R7-2
Added Pin To Net: NetName=NetR6_1 Pin=U3-5
Added Net: Name=NetR6_1
Added Pin To Net: NetName=NetR8_2 Pin=R8-2
Added Pin To Net: NetName=NetR8_2 Pin=R9-2
Added Pin To Net: NetName=NetR8_2 Pin=U3-6
Added Net: Name=NetR8_2
Added Pin To Net: NetName=NetR13_1 Pin=R13-1
Added Pin To Net: NetName=NetR13_1 Pin=U3-7
Added Net: Name=NetR13_1
Added Pin To Net: NetName=PTT Pin=Q2-1
Added Pin To Net: NetName=PTT Pin=Q3-1
Added Pin To Net: NetName=PTT Pin=Q4-1
Added Pin To Net: NetName=PTT Pin=R10-2
Added Pin To Net: NetName=PTT Pin=R11-2
Added Pin To Net: NetName=PTT Pin=R12-2
Added Pin To Net: NetName=PTT Pin=R17-2
Added Pin To Net: NetName=PTT Pin=R18-2
Added Net: Name=PTT
Added Pin To Net: NetName=RI Pin=U2-11
Added Net: Name=RI
Added Pin To Net: NetName=RTS Pin=R10-1
Added Pin To Net: NetName=RTS Pin=U2-14
Added Net: Name=RTS
Added Pin To Net: NetName=RX Pin=Q6-1
Added Pin To Net: NetName=RX Pin=R20-2
Added Pin To Net: NetName=RX Pin=U2-3
Added Pin To Net: NetName=RX Pin=U6-4
Added Net: Name=RX
Added Pin To Net: NetName=TX Pin=Q5-1
Added Pin To Net: NetName=TX Pin=R19-2
Added Pin To Net: NetName=TX Pin=U2-2
Added Pin To Net: NetName=TX Pin=U4-2
Added Net: Name=TX
Added Class: Name=CH340G_PTT
Added Room: Name=CH340G_PTT
